  [1m[35m (2435.4ms)[0m  [1m[35mCREATE DATABASE "projectIntern_development" ENCODING = 'unicode'[0m
  ↳ /Users/naveen/.rvm/rubies/ruby-2.6.0/bin/rake:23
  [1m[35m (396.0ms)[0m  [1m[35mCREATE DATABASE "projectIntern_test" ENCODING = 'unicode'[0m
  ↳ /Users/naveen/.rvm/rubies/ruby-2.6.0/bin/rake:23
  [1m[35m (46.4ms)[0m  [1m[35mCREATE TABLE "schema_migrations" ("version" character varying NOT NULL PRIMARY KEY)[0m
  ↳ /Users/naveen/.rvm/gems/ruby-2.6.0/gems/bootsnap-1.3.2/lib/bootsnap/load_path_cache/core_ext/kernel_require.rb:21
  [1m[35m (25.2ms)[0m  [1m[35mCREATE TABLE "ar_internal_metadata" ("key" character varying NOT NULL PRIMARY KEY, "value" character varying, "created_at" timestamp NOT NULL, "updated_at" timestamp NOT NULL)[0m
  ↳ /Users/naveen/.rvm/gems/ruby-2.6.0/gems/bootsnap-1.3.2/lib/bootsnap/load_path_cache/core_ext/kernel_require.rb:21
  [1m[35m (0.2ms)[0m  [1m[34mSELECT pg_try_advisory_lock(4940285333737373340)[0m
  ↳ /Users/naveen/.rvm/gems/ruby-2.6.0/gems/bootsnap-1.3.2/lib/bootsnap/load_path_cache/core_ext/kernel_require.rb:21
  [1m[35m (0.8ms)[0m  [1m[34mSELECT "schema_migrations"."version" FROM "schema_migrations" ORDER BY "schema_migrations"."version" ASC[0m
  ↳ /Users/naveen/.rvm/gems/ruby-2.6.0/gems/bootsnap-1.3.2/lib/bootsnap/load_path_cache/core_ext/kernel_require.rb:21
Migrating to CreateUsers (20190117111229)
  [1m[35m (0.2ms)[0m  [1m[35mBEGIN[0m
  ↳ /Users/naveen/.rvm/gems/ruby-2.6.0/gems/bootsnap-1.3.2/lib/bootsnap/load_path_cache/core_ext/kernel_require.rb:21
  [1m[35m (43.7ms)[0m  [1m[35mCREATE TABLE "users" ("id" bigserial primary key, "username" character varying, "email" character varying, "encrypted_password" character varying, "salt" character varying, "created_at" timestamp NOT NULL, "updated_at" timestamp NOT NULL)[0m
  ↳ db/migrate/20190117111229_create_users.rb:3
  [1m[36mActiveRecord::SchemaMigration Create (0.6ms)[0m  [1m[32mINSERT INTO "schema_migrations" ("version") VALUES ($1) RETURNING "version"[0m  [["version", "20190117111229"]]
  ↳ /Users/naveen/.rvm/gems/ruby-2.6.0/gems/bootsnap-1.3.2/lib/bootsnap/load_path_cache/core_ext/kernel_require.rb:21
  [1m[35m (1.3ms)[0m  [1m[35mCOMMIT[0m
  ↳ /Users/naveen/.rvm/gems/ruby-2.6.0/gems/bootsnap-1.3.2/lib/bootsnap/load_path_cache/core_ext/kernel_require.rb:21
  [1m[36mActiveRecord::InternalMetadata Load (0.3ms)[0m  [1m[34mSELECT  "ar_internal_metadata".* FROM "ar_internal_metadata" WHERE "ar_internal_metadata"."key" = $1 LIMIT $2[0m  [["key", "environment"], ["LIMIT", 1]]
  ↳ /Users/naveen/.rvm/gems/ruby-2.6.0/gems/bootsnap-1.3.2/lib/bootsnap/load_path_cache/core_ext/kernel_require.rb:21
  [1m[35m (0.2ms)[0m  [1m[35mBEGIN[0m
  ↳ /Users/naveen/.rvm/gems/ruby-2.6.0/gems/bootsnap-1.3.2/lib/bootsnap/load_path_cache/core_ext/kernel_require.rb:21
  [1m[36mActiveRecord::InternalMetadata Create (0.5ms)[0m  [1m[32mINSERT INTO "ar_internal_metadata" ("key", "value", "created_at", "updated_at") VALUES ($1, $2, $3, $4) RETURNING "key"[0m  [["key", "environment"], ["value", "development"], ["created_at", "2019-01-17 11:20:31.003598"], ["updated_at", "2019-01-17 11:20:31.003598"]]
  ↳ /Users/naveen/.rvm/gems/ruby-2.6.0/gems/bootsnap-1.3.2/lib/bootsnap/load_path_cache/core_ext/kernel_require.rb:21
  [1m[35m (40.7ms)[0m  [1m[35mCOMMIT[0m
  ↳ /Users/naveen/.rvm/gems/ruby-2.6.0/gems/bootsnap-1.3.2/lib/bootsnap/load_path_cache/core_ext/kernel_require.rb:21
  [1m[35m (0.4ms)[0m  [1m[34mSELECT pg_advisory_unlock(4940285333737373340)[0m
  ↳ /Users/naveen/.rvm/gems/ruby-2.6.0/gems/bootsnap-1.3.2/lib/bootsnap/load_path_cache/core_ext/kernel_require.rb:21
  [1m[35m (0.4ms)[0m  [1m[34mSELECT "schema_migrations"."version" FROM "schema_migrations" ORDER BY "schema_migrations"."version" ASC[0m
  ↳ /Users/naveen/.rvm/gems/ruby-2.6.0/gems/bootsnap-1.3.2/lib/bootsnap/load_path_cache/core_ext/kernel_require.rb:21
Started GET "/" for 127.0.0.1 at 2019-01-17 16:50:48 +0530
  [1m[35m (0.9ms)[0m  [1m[34mSELECT "schema_migrations"."version" FROM "schema_migrations" ORDER BY "schema_migrations"."version" ASC[0m
  ↳ /Users/naveen/.rvm/gems/ruby-2.6.0/gems/web-console-3.7.0/lib/web_console/middleware.rb:135
Processing by UsersController#new as HTML
  Rendering users/new.html.erb within layouts/application
  Rendered users/new.html.erb within layouts/application (4.4ms)
Completed 200 OK in 849ms (Views: 755.3ms | ActiveRecord: 12.1ms)


Started GET "/" for 127.0.0.1 at 2019-01-17 16:51:16 +0530
  
ArgumentError ('' is not a supported controller name. This can lead to potential routing problems. See http://guides.rubyonrails.org/routing.html#specifying-a-controller-to-use):
  
config/routes.rb:3:in `block in <main>'
config/routes.rb:1:in `<main>'
Started GET "/" for 127.0.0.1 at 2019-01-17 16:51:27 +0530
Processing by UsersController#new as HTML
  Rendering users/new.html.erb within layouts/application
  Rendered users/new.html.erb within layouts/application (0.4ms)
Completed 200 OK in 41ms (Views: 17.9ms | ActiveRecord: 10.3ms)


Started GET "/" for 127.0.0.1 at 2019-01-17 16:52:06 +0530
Processing by UsersController#new as HTML
  Rendering users/new.html.erb within layouts/application
  Rendered users/new.html.erb within layouts/application (18.3ms)
Completed 500 Internal Server Error in 22ms (ActiveRecord: 0.0ms)


  
ActionView::Template::Error (No route matches {:action=>"create", :controller=>"users"}):
    3: <% @page_title = "UserAuth | Signup" %>
    4: <div class="Sign_Form">
    5:   <h1>Sign Up</h1>
    6:   <%= form_for(:user, :url => {:controller => 'users', :action => 'create'}) do |f| %>
    7:     <p> Username:</br> <%= f.text_field :username%> </p>
    8:     <p> Email:</br> <%= f.text_field :email%> </p>
    9:     <p> Password:</br> <%= f.password_field :password%></p>
  
app/views/users/new.html.erb:6:in `_app_views_users_new_html_erb__3748741132501531225_70261978876660'
Started GET "/" for 127.0.0.1 at 2019-01-17 16:52:36 +0530
Processing by UsersController#new as HTML
  Rendering users/new.html.erb within layouts/application
  Rendered users/new.html.erb within layouts/application (1.2ms)
Completed 500 Internal Server Error in 14ms (ActiveRecord: 0.0ms)


  
SyntaxError (/Users/naveen/Documents/Internship/projectIntern/app/views/users/new.html.erb:6: syntax error, unexpected ')', expecting end
... :url => {:action => 'create'}) do |f| @output_buffer.safe_a...
...                              ^
/Users/naveen/Documents/Internship/projectIntern/app/views/users/new.html.erb:23: syntax error, unexpected ensure, expecting end-of-input
          ensure
          ^~~~~~):
  
app/views/users/new.html.erb:6: syntax error, unexpected ')', expecting end
app/views/users/new.html.erb:23: syntax error, unexpected ensure, expecting end-of-input
Started GET "/" for 127.0.0.1 at 2019-01-17 16:53:37 +0530
Processing by UsersController#new as HTML
  Rendering users/new.html.erb within layouts/application
  Rendered users/new.html.erb within layouts/application (1.1ms)
Completed 500 Internal Server Error in 25ms (ActiveRecord: 4.8ms)


  
SyntaxError (/Users/naveen/Documents/Internship/projectIntern/app/views/users/new.html.erb:6: syntax error, unexpected ')', expecting end
... :url => {:action => 'create'}) do |f| @output_buffer.safe_a...
...                              ^
/Users/naveen/Documents/Internship/projectIntern/app/views/users/new.html.erb:23: syntax error, unexpected ensure, expecting end-of-input
          ensure
          ^~~~~~):
  
app/views/users/new.html.erb:6: syntax error, unexpected ')', expecting end
app/views/users/new.html.erb:23: syntax error, unexpected ensure, expecting end-of-input
Started GET "/" for 127.0.0.1 at 2019-01-17 16:53:38 +0530
Processing by UsersController#new as HTML
  Rendering users/new.html.erb within layouts/application
  Rendered users/new.html.erb within layouts/application (1.6ms)
Completed 500 Internal Server Error in 5ms (ActiveRecord: 0.0ms)


  
SyntaxError (/Users/naveen/Documents/Internship/projectIntern/app/views/users/new.html.erb:6: syntax error, unexpected ')', expecting end
... :url => {:action => 'create'}) do |f| @output_buffer.safe_a...
...                              ^
/Users/naveen/Documents/Internship/projectIntern/app/views/users/new.html.erb:23: syntax error, unexpected ensure, expecting end-of-input
          ensure
          ^~~~~~):
  
app/views/users/new.html.erb:6: syntax error, unexpected ')', expecting end
app/views/users/new.html.erb:23: syntax error, unexpected ensure, expecting end-of-input
Started GET "/" for 127.0.0.1 at 2019-01-17 16:56:27 +0530
Processing by UsersController#new as HTML
  Rendering users/new.html.erb within layouts/application
  Rendered users/new.html.erb within layouts/application (1.3ms)
Completed 500 Internal Server Error in 6ms (ActiveRecord: 0.0ms)


  
SyntaxError (/Users/naveen/Documents/Internship/projectIntern/app/views/users/new.html.erb:6: syntax error, unexpected ':', expecting end
...append=  form_for @user, :url : {:action : 'create'}) do |f|...
...                              ^
/Users/naveen/Documents/Internship/projectIntern/app/views/users/new.html.erb:6: syntax error, unexpected ':', expecting =>
...rm_for @user, :url : {:action : 'create'}) do |f| @output_bu...
...                              ^
/Users/naveen/Documents/Internship/projectIntern/app/views/users/new.html.erb:6: syntax error, unexpected '}', expecting end
...er, :url : {:action : 'create'}) do |f| @output_buffer.safe_...
...                              ^
/Users/naveen/Documents/Internship/projectIntern/app/views/users/new.html.erb:23: syntax error, unexpected ensure, expecting end-of-input
          ensure
          ^~~~~~):
  
app/views/users/new.html.erb:6: syntax error, unexpected ':', expecting end
app/views/users/new.html.erb:6: syntax error, unexpected ':', expecting =>
app/views/users/new.html.erb:6: syntax error, unexpected '}', expecting end
app/views/users/new.html.erb:23: syntax error, unexpected ensure, expecting end-of-input
Started GET "/" for 127.0.0.1 at 2019-01-17 16:56:28 +0530
Processing by UsersController#new as HTML
  Rendering users/new.html.erb within layouts/application
  Rendered users/new.html.erb within layouts/application (0.9ms)
Completed 500 Internal Server Error in 5ms (ActiveRecord: 0.0ms)


  
SyntaxError (/Users/naveen/Documents/Internship/projectIntern/app/views/users/new.html.erb:6: syntax error, unexpected ':', expecting end
...append=  form_for @user, :url : {:action : 'create'}) do |f|...
...                              ^
/Users/naveen/Documents/Internship/projectIntern/app/views/users/new.html.erb:6: syntax error, unexpected ':', expecting =>
...rm_for @user, :url : {:action : 'create'}) do |f| @output_bu...
...                              ^
/Users/naveen/Documents/Internship/projectIntern/app/views/users/new.html.erb:6: syntax error, unexpected '}', expecting end
...er, :url : {:action : 'create'}) do |f| @output_buffer.safe_...
...                              ^
/Users/naveen/Documents/Internship/projectIntern/app/views/users/new.html.erb:23: syntax error, unexpected ensure, expecting end-of-input
          ensure
          ^~~~~~):
  
app/views/users/new.html.erb:6: syntax error, unexpected ':', expecting end
app/views/users/new.html.erb:6: syntax error, unexpected ':', expecting =>
app/views/users/new.html.erb:6: syntax error, unexpected '}', expecting end
app/views/users/new.html.erb:23: syntax error, unexpected ensure, expecting end-of-input
Started GET "/" for 127.0.0.1 at 2019-01-17 16:56:28 +0530
Processing by UsersController#new as HTML
  Rendering users/new.html.erb within layouts/application
  Rendered users/new.html.erb within layouts/application (1.1ms)
Completed 500 Internal Server Error in 5ms (ActiveRecord: 0.0ms)


  
SyntaxError (/Users/naveen/Documents/Internship/projectIntern/app/views/users/new.html.erb:6: syntax error, unexpected ':', expecting end
...append=  form_for @user, :url : {:action : 'create'}) do |f|...
...                              ^
/Users/naveen/Documents/Internship/projectIntern/app/views/users/new.html.erb:6: syntax error, unexpected ':', expecting =>
...rm_for @user, :url : {:action : 'create'}) do |f| @output_bu...
...                              ^
/Users/naveen/Documents/Internship/projectIntern/app/views/users/new.html.erb:6: syntax error, unexpected '}', expecting end
...er, :url : {:action : 'create'}) do |f| @output_buffer.safe_...
...                              ^
/Users/naveen/Documents/Internship/projectIntern/app/views/users/new.html.erb:23: syntax error, unexpected ensure, expecting end-of-input
          ensure
          ^~~~~~):
  
app/views/users/new.html.erb:6: syntax error, unexpected ':', expecting end
app/views/users/new.html.erb:6: syntax error, unexpected ':', expecting =>
app/views/users/new.html.erb:6: syntax error, unexpected '}', expecting end
app/views/users/new.html.erb:23: syntax error, unexpected ensure, expecting end-of-input
Started GET "/" for 127.0.0.1 at 2019-01-17 16:56:29 +0530
Processing by UsersController#new as HTML
  Rendering users/new.html.erb within layouts/application
  Rendered users/new.html.erb within layouts/application (26.2ms)
Completed 500 Internal Server Error in 30ms (ActiveRecord: 0.0ms)


  
SyntaxError (/Users/naveen/Documents/Internship/projectIntern/app/views/users/new.html.erb:6: syntax error, unexpected ':', expecting end
...append=  form_for @user, :url : {:action : 'create'}) do |f|...
...                              ^
/Users/naveen/Documents/Internship/projectIntern/app/views/users/new.html.erb:6: syntax error, unexpected ':', expecting =>
...rm_for @user, :url : {:action : 'create'}) do |f| @output_bu...
...                              ^
/Users/naveen/Documents/Internship/projectIntern/app/views/users/new.html.erb:6: syntax error, unexpected '}', expecting end
...er, :url : {:action : 'create'}) do |f| @output_buffer.safe_...
...                              ^
/Users/naveen/Documents/Internship/projectIntern/app/views/users/new.html.erb:23: syntax error, unexpected ensure, expecting end-of-input
          ensure
          ^~~~~~):
  
app/views/users/new.html.erb:6: syntax error, unexpected ':', expecting end
app/views/users/new.html.erb:6: syntax error, unexpected ':', expecting =>
app/views/users/new.html.erb:6: syntax error, unexpected '}', expecting end
app/views/users/new.html.erb:23: syntax error, unexpected ensure, expecting end-of-input
Started GET "/" for 127.0.0.1 at 2019-01-17 16:57:55 +0530
Processing by UsersController#new as HTML
  Rendering users/new.html.erb within layouts/application
  Rendered users/new.html.erb within layouts/application (2.6ms)
Completed 500 Internal Server Error in 6ms (ActiveRecord: 0.0ms)


  
ActionView::Template::Error (No route matches {:action=>"create", :controller=>"users"}):
    3: <% @page_title = "UserAuth | Signup" %>
    4: <div class="Sign_Form">
    5:   <h1>Sign Up</h1>
    6:   <% form_for @user, url: {action: "create"} do |f| %>
    7:     <p> Username:</br> <%= f.text_field :username%> </p>
    8:     <p> Email:</br> <%= f.text_field :email%> </p>
    9:     <p> Password:</br> <%= f.password_field :password%></p>
  
app/views/users/new.html.erb:6:in `_app_views_users_new_html_erb__3748741132501531225_70261967484540'
Started GET "/" for 127.0.0.1 at 2019-01-17 16:58:41 +0530
Processing by UsersController#new as HTML
  Rendering users/new.html.erb within layouts/application
  Rendered users/new.html.erb within layouts/application (3.7ms)
Completed 500 Internal Server Error in 22ms (ActiveRecord: 5.7ms)


  
ActionView::Template::Error (No route matches {:action=>"create", :controller=>"users"}):
    3: <% @page_title = "UserAuth | Signup" %>
    4: <div class="Sign_Form">
    5:   <h1>Sign Up</h1>
    6:   <% form_for @user, url: {action: "create"} do |f| %>
    7:     <p> Username:</br> <%= f.text_field :username%> </p>
    8:     <p> Email:</br> <%= f.text_field :email%> </p>
    9:     <p> Password:</br> <%= f.password_field :password%></p>
  
app/views/users/new.html.erb:6:in `_app_views_users_new_html_erb__3748741132501531225_70261938513500'
Started GET "/" for 127.0.0.1 at 2019-01-17 16:58:42 +0530
Processing by UsersController#new as HTML
  Rendering users/new.html.erb within layouts/application
  Rendered users/new.html.erb within layouts/application (2.8ms)
Completed 500 Internal Server Error in 6ms (ActiveRecord: 0.0ms)


  
ActionView::Template::Error (No route matches {:action=>"create", :controller=>"users"}):
    3: <% @page_title = "UserAuth | Signup" %>
    4: <div class="Sign_Form">
    5:   <h1>Sign Up</h1>
    6:   <% form_for @user, url: {action: "create"} do |f| %>
    7:     <p> Username:</br> <%= f.text_field :username%> </p>
    8:     <p> Email:</br> <%= f.text_field :email%> </p>
    9:     <p> Password:</br> <%= f.password_field :password%></p>
  
app/views/users/new.html.erb:6:in `_app_views_users_new_html_erb__3748741132501531225_70261929901480'
Started GET "/" for 127.0.0.1 at 2019-01-17 16:59:41 +0530
  [1m[35m (1.0ms)[0m  [1m[34mSELECT "schema_migrations"."version" FROM "schema_migrations" ORDER BY "schema_migrations"."version" ASC[0m
  ↳ /Users/naveen/.rvm/gems/ruby-2.6.0/gems/web-console-3.7.0/lib/web_console/middleware.rb:135
Processing by UsersController#new as HTML
  Rendering users/new.html.erb within layouts/application
  Rendered users/new.html.erb within layouts/application (6.8ms)
Completed 500 Internal Server Error in 35ms (ActiveRecord: 7.8ms)


  
ActionView::Template::Error (No route matches {:action=>"create", :controller=>"users"}):
    3: <% @page_title = "UserAuth | Signup" %>
    4: <div class="Sign_Form">
    5:   <h1>Sign Up</h1>
    6:   <% form_for @user, url: {action: "create"} do |f| %>
    7:     <p> Username:</br> <%= f.text_field :username%> </p>
    8:     <p> Email:</br> <%= f.text_field :email%> </p>
    9:     <p> Password:</br> <%= f.password_field :password%></p>
  
app/views/users/new.html.erb:6:in `_app_views_users_new_html_erb__2387546596748126925_70349800433700'
Started GET "/" for 127.0.0.1 at 2019-01-17 16:59:48 +0530
Processing by UsersController#new as HTML
  Rendering users/new.html.erb within layouts/application
  Rendered users/new.html.erb within layouts/application (2.3ms)
Completed 500 Internal Server Error in 5ms (ActiveRecord: 0.0ms)


  
ActionView::Template::Error (No route matches {:action=>"create", :controller=>"users"}):
    3: <% @page_title = "UserAuth | Signup" %>
    4: <div class="Sign_Form">
    5:   <h1>Sign Up</h1>
    6:   <% form_for @user, url: {action: "create"} do |f| %>
    7:     <p> Username:</br> <%= f.text_field :username%> </p>
    8:     <p> Email:</br> <%= f.text_field :email%> </p>
    9:     <p> Password:</br> <%= f.password_field :password%></p>
  
app/views/users/new.html.erb:6:in `_app_views_users_new_html_erb__2387546596748126925_70349800744820'
Started GET "/" for 127.0.0.1 at 2019-01-17 17:03:32 +0530
Processing by UsersController#new as HTML
  Rendering users/new.html.erb within layouts/application
  Rendered users/new.html.erb within layouts/application (0.4ms)
Completed 200 OK in 347ms (Views: 336.4ms | ActiveRecord: 0.0ms)


Started GET "/" for 127.0.0.1 at 2019-01-17 17:04:20 +0530
Processing by UsersController#new as HTML
  Rendering users/new.html.erb within layouts/application
  Rendered users/new.html.erb within layouts/application (2.0ms)
Completed 200 OK in 26ms (Views: 24.3ms | ActiveRecord: 0.0ms)


Started GET "/" for 127.0.0.1 at 2019-01-17 17:04:55 +0530
Processing by UsersController#new as HTML
  Rendering users/new.html.erb within layouts/application
  Rendered users/new.html.erb within layouts/application (1.9ms)
Completed 200 OK in 22ms (Views: 19.9ms | ActiveRecord: 0.0ms)


Started POST "/users" for 127.0.0.1 at 2019-01-17 17:05:11 +0530
  
ActionController::RoutingError (uninitialized constant UserController):
  
bootsnap (1.3.2) lib/bootsnap/load_path_cache/core_ext/active_support.rb:74:in `block in load_missing_constant'
bootsnap (1.3.2) lib/bootsnap/load_path_cache/core_ext/active_support.rb:8:in `without_bootsnap_cache'
bootsnap (1.3.2) lib/bootsnap/load_path_cache/core_ext/active_support.rb:74:in `rescue in load_missing_constant'
bootsnap (1.3.2) lib/bootsnap/load_path_cache/core_ext/active_support.rb:56:in `load_missing_constant'
activesupport (5.2.2) lib/active_support/inflector/methods.rb:283:in `const_get'
activesupport (5.2.2) lib/active_support/inflector/methods.rb:283:in `block in constantize'
activesupport (5.2.2) lib/active_support/inflector/methods.rb:281:in `each'
activesupport (5.2.2) lib/active_support/inflector/methods.rb:281:in `inject'
activesupport (5.2.2) lib/active_support/inflector/methods.rb:281:in `constantize'
actionpack (5.2.2) lib/action_dispatch/http/request.rb:88:in `controller_class_for'
actionpack (5.2.2) lib/action_dispatch/http/request.rb:81:in `controller_class'
actionpack (5.2.2) lib/action_dispatch/routing/route_set.rb:46:in `controller'
actionpack (5.2.2) lib/action_dispatch/routing/route_set.rb:32:in `serve'
actionpack (5.2.2) lib/action_dispatch/journey/router.rb:52:in `block in serve'
actionpack (5.2.2) lib/action_dispatch/journey/router.rb:35:in `each'
actionpack (5.2.2) lib/action_dispatch/journey/router.rb:35:in `serve'
actionpack (5.2.2) lib/action_dispatch/routing/route_set.rb:840:in `call'
rack (2.0.6) lib/rack/tempfile_reaper.rb:15:in `call'
rack (2.0.6) lib/rack/etag.rb:25:in `call'
rack (2.0.6) lib/rack/conditional_get.rb:38:in `call'
rack (2.0.6) lib/rack/head.rb:12:in `call'
actionpack (5.2.2) lib/action_dispatch/http/content_security_policy.rb:18:in `call'
rack (2.0.6) lib/rack/session/abstract/id.rb:232:in `context'
rack (2.0.6) lib/rack/session/abstract/id.rb:226:in `call'
actionpack (5.2.2) lib/action_dispatch/middleware/cookies.rb:670:in `call'
activerecord (5.2.2) lib/active_record/migration.rb:559:in `call'
actionpack (5.2.2) lib/action_dispatch/middleware/callbacks.rb:28:in `block in call'
activesupport (5.2.2) lib/active_support/callbacks.rb:98:in `run_callbacks'
actionpack (5.2.2) lib/action_dispatch/middleware/callbacks.rb:26:in `call'
actionpack (5.2.2) lib/action_dispatch/middleware/executor.rb:14:in `call'
actionpack (5.2.2) lib/action_dispatch/middleware/debug_exceptions.rb:61:in `call'
web-console (3.7.0) lib/web_console/middleware.rb:135:in `call_app'
web-console (3.7.0) lib/web_console/middleware.rb:30:in `block in call'
web-console (3.7.0) lib/web_console/middleware.rb:20:in `catch'
web-console (3.7.0) lib/web_console/middleware.rb:20:in `call'
actionpack (5.2.2) lib/action_dispatch/middleware/show_exceptions.rb:33:in `call'
railties (5.2.2) lib/rails/rack/logger.rb:38:in `call_app'
railties (5.2.2) lib/rails/rack/logger.rb:26:in `block in call'
activesupport (5.2.2) lib/active_support/tagged_logging.rb:71:in `block in tagged'
activesupport (5.2.2) lib/active_support/tagged_logging.rb:28:in `tagged'
activesupport (5.2.2) lib/active_support/tagged_logging.rb:71:in `tagged'
railties (5.2.2) lib/rails/rack/logger.rb:26:in `call'
sprockets-rails (3.2.1) lib/sprockets/rails/quiet_assets.rb:13:in `call'
actionpack (5.2.2) lib/action_dispatch/middleware/remote_ip.rb:81:in `call'
actionpack (5.2.2) lib/action_dispatch/middleware/request_id.rb:27:in `call'
rack (2.0.6) lib/rack/method_override.rb:22:in `call'
rack (2.0.6) lib/rack/runtime.rb:22:in `call'
activesupport (5.2.2) lib/active_support/cache/strategy/local_cache_middleware.rb:29:in `call'
actionpack (5.2.2) lib/action_dispatch/middleware/executor.rb:14:in `call'
actionpack (5.2.2) lib/action_dispatch/middleware/static.rb:127:in `call'
rack (2.0.6) lib/rack/sendfile.rb:111:in `call'
railties (5.2.2) lib/rails/engine.rb:524:in `call'
puma (3.12.0) lib/puma/configuration.rb:225:in `call'
puma (3.12.0) lib/puma/server.rb:658:in `handle_request'
puma (3.12.0) lib/puma/server.rb:472:in `process_client'
puma (3.12.0) lib/puma/server.rb:332:in `block in run'
puma (3.12.0) lib/puma/thread_pool.rb:133:in `block in spawn_thread'
Started POST "/users" for 127.0.0.1 at 2019-01-17 17:05:56 +0530
Processing by UsersController#create as HTML
  Parameters: {"utf8"=>"✓", "authenticity_token"=>"8gkpx2LVUQw10Sbgze/n5N4hpii0AyejNpJHl2v2inVhzjcG0fU49ZqDtNuWpnUZDvhPHZ6oFxWr6fetR3ivUA==", "user"=>{"username"=>"a1", "email"=>"a1@gmail.com", "password"=>"[FILTERED]", "password_confirmation"=>"[FILTERED]"}, "commit"=>"Signup"}
Completed 500 Internal Server Error in 17ms (ActiveRecord: 5.1ms)


  
ActiveModel::ForbiddenAttributesError (ActiveModel::ForbiddenAttributesError):
  
app/controllers/users_controller.rb:6:in `create'
Started POST "/users" for 127.0.0.1 at 2019-01-17 17:08:08 +0530
Processing by UsersController#create as HTML
  Parameters: {"utf8"=>"✓", "authenticity_token"=>"8gkpx2LVUQw10Sbgze/n5N4hpii0AyejNpJHl2v2inVhzjcG0fU49ZqDtNuWpnUZDvhPHZ6oFxWr6fetR3ivUA==", "user"=>{"username"=>"a1", "email"=>"a1@gmail.com", "password"=>"[FILTERED]", "password_confirmation"=>"[FILTERED]"}, "commit"=>"Signup"}
Unpermitted parameters: :username, :password_confirmation
  [1m[35m (0.2ms)[0m  [1m[35mBEGIN[0m
  ↳ app/controllers/users_controller.rb:7
  [1m[36mUser Exists (0.6ms)[0m  [1m[34mSELECT  1 AS one FROM "users" WHERE "users"."username" IS NULL LIMIT $1[0m  [["LIMIT", 1]]
  ↳ app/controllers/users_controller.rb:7
  [1m[36mUser Exists (0.4ms)[0m  [1m[34mSELECT  1 AS one FROM "users" WHERE "users"."email" = $1 LIMIT $2[0m  [["email", "a1@gmail.com"], ["LIMIT", 1]]
  ↳ app/controllers/users_controller.rb:7
  [1m[35m (0.2ms)[0m  [1m[31mROLLBACK[0m
  ↳ app/controllers/users_controller.rb:7
  Rendering users/new.html.erb within layouts/application
  Rendered users/new.html.erb within layouts/application (2.1ms)
Completed 200 OK in 128ms (Views: 18.0ms | ActiveRecord: 5.2ms)


Started GET "/users" for 127.0.0.1 at 2019-01-17 17:27:38 +0530
  [1m[35m (0.7ms)[0m  [1m[34mSELECT "schema_migrations"."version" FROM "schema_migrations" ORDER BY "schema_migrations"."version" ASC[0m
  ↳ /Users/naveen/.rvm/gems/ruby-2.6.0/gems/web-console-3.7.0/lib/web_console/middleware.rb:135
  
ActionController::RoutingError (No route matches [GET] "/users"):
  
actionpack (5.2.2) lib/action_dispatch/middleware/debug_exceptions.rb:65:in `call'
web-console (3.7.0) lib/web_console/middleware.rb:135:in `call_app'
web-console (3.7.0) lib/web_console/middleware.rb:30:in `block in call'
web-console (3.7.0) lib/web_console/middleware.rb:20:in `catch'
web-console (3.7.0) lib/web_console/middleware.rb:20:in `call'
actionpack (5.2.2) lib/action_dispatch/middleware/show_exceptions.rb:33:in `call'
railties (5.2.2) lib/rails/rack/logger.rb:38:in `call_app'
railties (5.2.2) lib/rails/rack/logger.rb:26:in `block in call'
activesupport (5.2.2) lib/active_support/tagged_logging.rb:71:in `block in tagged'
activesupport (5.2.2) lib/active_support/tagged_logging.rb:28:in `tagged'
activesupport (5.2.2) lib/active_support/tagged_logging.rb:71:in `tagged'
railties (5.2.2) lib/rails/rack/logger.rb:26:in `call'
sprockets-rails (3.2.1) lib/sprockets/rails/quiet_assets.rb:13:in `call'
actionpack (5.2.2) lib/action_dispatch/middleware/remote_ip.rb:81:in `call'
actionpack (5.2.2) lib/action_dispatch/middleware/request_id.rb:27:in `call'
rack (2.0.6) lib/rack/method_override.rb:22:in `call'
rack (2.0.6) lib/rack/runtime.rb:22:in `call'
activesupport (5.2.2) lib/active_support/cache/strategy/local_cache_middleware.rb:29:in `call'
actionpack (5.2.2) lib/action_dispatch/middleware/executor.rb:14:in `call'
actionpack (5.2.2) lib/action_dispatch/middleware/static.rb:127:in `call'
rack (2.0.6) lib/rack/sendfile.rb:111:in `call'
railties (5.2.2) lib/rails/engine.rb:524:in `call'
puma (3.12.0) lib/puma/configuration.rb:225:in `call'
puma (3.12.0) lib/puma/server.rb:658:in `handle_request'
puma (3.12.0) lib/puma/server.rb:472:in `process_client'
puma (3.12.0) lib/puma/server.rb:332:in `block in run'
puma (3.12.0) lib/puma/thread_pool.rb:133:in `block in spawn_thread'
Started GET "/user" for 127.0.0.1 at 2019-01-17 17:27:48 +0530
  
ActionController::RoutingError (No route matches [GET] "/user"):
  
actionpack (5.2.2) lib/action_dispatch/middleware/debug_exceptions.rb:65:in `call'
web-console (3.7.0) lib/web_console/middleware.rb:135:in `call_app'
web-console (3.7.0) lib/web_console/middleware.rb:30:in `block in call'
web-console (3.7.0) lib/web_console/middleware.rb:20:in `catch'
web-console (3.7.0) lib/web_console/middleware.rb:20:in `call'
actionpack (5.2.2) lib/action_dispatch/middleware/show_exceptions.rb:33:in `call'
railties (5.2.2) lib/rails/rack/logger.rb:38:in `call_app'
railties (5.2.2) lib/rails/rack/logger.rb:26:in `block in call'
activesupport (5.2.2) lib/active_support/tagged_logging.rb:71:in `block in tagged'
activesupport (5.2.2) lib/active_support/tagged_logging.rb:28:in `tagged'
activesupport (5.2.2) lib/active_support/tagged_logging.rb:71:in `tagged'
railties (5.2.2) lib/rails/rack/logger.rb:26:in `call'
sprockets-rails (3.2.1) lib/sprockets/rails/quiet_assets.rb:13:in `call'
actionpack (5.2.2) lib/action_dispatch/middleware/remote_ip.rb:81:in `call'
actionpack (5.2.2) lib/action_dispatch/middleware/request_id.rb:27:in `call'
rack (2.0.6) lib/rack/method_override.rb:22:in `call'
rack (2.0.6) lib/rack/runtime.rb:22:in `call'
activesupport (5.2.2) lib/active_support/cache/strategy/local_cache_middleware.rb:29:in `call'
actionpack (5.2.2) lib/action_dispatch/middleware/executor.rb:14:in `call'
actionpack (5.2.2) lib/action_dispatch/middleware/static.rb:127:in `call'
rack (2.0.6) lib/rack/sendfile.rb:111:in `call'
railties (5.2.2) lib/rails/engine.rb:524:in `call'
puma (3.12.0) lib/puma/configuration.rb:225:in `call'
puma (3.12.0) lib/puma/server.rb:658:in `handle_request'
puma (3.12.0) lib/puma/server.rb:472:in `process_client'
puma (3.12.0) lib/puma/server.rb:332:in `block in run'
puma (3.12.0) lib/puma/thread_pool.rb:133:in `block in spawn_thread'
Started GET "/" for 127.0.0.1 at 2019-01-17 17:27:51 +0530
Processing by UsersController#new as HTML
  Rendering users/new.html.erb within layouts/application
  Rendered users/new.html.erb within layouts/application (2.3ms)
Completed 200 OK in 462ms (Views: 428.2ms | ActiveRecord: 9.5ms)


Started GET "/" for 127.0.0.1 at 2019-01-17 17:28:19 +0530
Processing by UsersController#new as HTML
  Rendering users/new.html.erb within layouts/application
  Rendered users/new.html.erb within layouts/application (1.7ms)
Completed 200 OK in 22ms (Views: 20.0ms | ActiveRecord: 0.0ms)


Started POST "/users" for 127.0.0.1 at 2019-01-17 17:28:32 +0530
Processing by UsersController#create as HTML
  Parameters: {"utf8"=>"✓", "authenticity_token"=>"s4a0MvA69RU6oDvCOGv4fYOOsFLbk9p+uoNwJjLzU34gQarzQxqc7JXyqfljImqAU1dZZ/E46sgn+MAcHn12Ww==", "user"=>{"username"=>"naveen", "email"=>"naveen.kewalramani2903@gmail.com", "password"=>"[FILTERED]", "password_confirmation"=>"[FILTERED]"}, "commit"=>"Signup"}
Unpermitted parameter: :password_confirmation
  [1m[35m (0.2ms)[0m  [1m[35mBEGIN[0m
  ↳ app/controllers/users_controller.rb:7
  [1m[36mUser Exists (0.7ms)[0m  [1m[34mSELECT  1 AS one FROM "users" WHERE "users"."username" = $1 LIMIT $2[0m  [["username", "naveen"], ["LIMIT", 1]]
  ↳ app/controllers/users_controller.rb:7
  [1m[36mUser Exists (0.5ms)[0m  [1m[34mSELECT  1 AS one FROM "users" WHERE "users"."email" = $1 LIMIT $2[0m  [["email", "naveen.kewalramani2903@gmail.com"], ["LIMIT", 1]]
  ↳ app/controllers/users_controller.rb:7
  [1m[35m (0.3ms)[0m  [1m[31mROLLBACK[0m
  ↳ app/controllers/users_controller.rb:7
  Rendering users/new.html.erb within layouts/application
  Rendered users/new.html.erb within layouts/application (2.8ms)
Completed 200 OK in 90ms (Views: 78.3ms | ActiveRecord: 1.7ms)


Started POST "/users" for 127.0.0.1 at 2019-01-17 17:28:42 +0530
Processing by UsersController#create as HTML
  Parameters: {"utf8"=>"✓", "authenticity_token"=>"GlVqSZUHbXXbC1OYy27taEJKFwj3HQZqS4Qa/Isgg4qJknSIJicEjHRZwaOQJ3+VkpP+Pd22NtzW/6rGp66mrw==", "user"=>{"username"=>"naveen", "email"=>"naveen.kewalramani2903@gmail.com", "password"=>"[FILTERED]", "password_confirmation"=>"[FILTERED]"}, "commit"=>"Signup"}
Unpermitted parameter: :password_confirmation
  [1m[35m (0.2ms)[0m  [1m[35mBEGIN[0m
  ↳ app/controllers/users_controller.rb:7
  [1m[36mUser Exists (0.4ms)[0m  [1m[34mSELECT  1 AS one FROM "users" WHERE "users"."username" = $1 LIMIT $2[0m  [["username", "naveen"], ["LIMIT", 1]]
  ↳ app/controllers/users_controller.rb:7
  [1m[36mUser Exists (0.3ms)[0m  [1m[34mSELECT  1 AS one FROM "users" WHERE "users"."email" = $1 LIMIT $2[0m  [["email", "naveen.kewalramani2903@gmail.com"], ["LIMIT", 1]]
  ↳ app/controllers/users_controller.rb:7
  [1m[36mUser Create (0.8ms)[0m  [1m[32mINSERT INTO "users" ("username", "email", "created_at", "updated_at") VALUES ($1, $2, $3, $4) RETURNING "id"[0m  [["username", "naveen"], ["email", "naveen.kewalramani2903@gmail.com"], ["created_at", "2019-01-17 11:58:42.154533"], ["updated_at", "2019-01-17 11:58:42.154533"]]
  ↳ app/controllers/users_controller.rb:7
  [1m[35m (4.5ms)[0m  [1m[35mCOMMIT[0m
  ↳ app/controllers/users_controller.rb:7
  Rendering users/new.html.erb within layouts/application
  Rendered users/new.html.erb within layouts/application (176.8ms)
Completed 500 Internal Server Error in 192ms (ActiveRecord: 6.2ms)


  
ActionView::Template::Error (undefined method `user_path' for #<#<Class:0x00007f8ffa6b5b98>:0x00007f8ffc173188>
Did you mean?  users_path):
    2: <% @page_title = "UserAuth | Signup" %>
    3: <div class="Sign_Form">
    4:   <h1>Sign Up</h1>
    5:   <%= form_for @user do |f| %>
    6:     <p> Username:</br> <%= f.text_field :username%> </p>
    7:     <p> Email:</br> <%= f.text_field :email%> </p>
    8:     <p> Password:</br> <%= f.password_field :password%></p>
  
app/views/users/new.html.erb:5:in `_app_views_users_new_html_erb__2588447414803069421_70128193209100'
app/controllers/users_controller.rb:14:in `create'
  [1m[35m (0.7ms)[0m  [1m[35mCREATE DATABASE "projectIntern_development" ENCODING = 'unicode'[0m
  ↳ /Users/naveen/.rvm/rubies/ruby-2.6.0/bin/rake:23
  [1m[35m (0.6ms)[0m  [1m[35mCREATE DATABASE "projectIntern_test" ENCODING = 'unicode'[0m
  ↳ /Users/naveen/.rvm/rubies/ruby-2.6.0/bin/rake:23
  [1m[35m (0.4ms)[0m  [1m[34mSELECT pg_try_advisory_lock(4940285333737373340)[0m
  ↳ /Users/naveen/.rvm/rubies/ruby-2.6.0/bin/rake:23
  [1m[35m (0.8ms)[0m  [1m[34mSELECT "schema_migrations"."version" FROM "schema_migrations" ORDER BY "schema_migrations"."version" ASC[0m
  ↳ /Users/naveen/.rvm/rubies/ruby-2.6.0/bin/rake:23
  [1m[36mActiveRecord::InternalMetadata Load (0.5ms)[0m  [1m[34mSELECT  "ar_internal_metadata".* FROM "ar_internal_metadata" WHERE "ar_internal_metadata"."key" = $1 LIMIT $2[0m  [["key", "environment"], ["LIMIT", 1]]
  ↳ /Users/naveen/.rvm/rubies/ruby-2.6.0/bin/rake:23
  [1m[35m (0.2ms)[0m  [1m[35mBEGIN[0m
  ↳ /Users/naveen/.rvm/rubies/ruby-2.6.0/bin/rake:23
  [1m[35m (0.1ms)[0m  [1m[35mCOMMIT[0m
  ↳ /Users/naveen/.rvm/rubies/ruby-2.6.0/bin/rake:23
  [1m[35m (0.2ms)[0m  [1m[34mSELECT pg_advisory_unlock(4940285333737373340)[0m
  ↳ /Users/naveen/.rvm/rubies/ruby-2.6.0/bin/rake:23
  [1m[35m (0.2ms)[0m  [1m[34mSELECT "schema_migrations"."version" FROM "schema_migrations" ORDER BY "schema_migrations"."version" ASC[0m
  ↳ /Users/naveen/.rvm/rubies/ruby-2.6.0/bin/rake:23
  [1m[35m (0.8ms)[0m  [1m[35mCREATE DATABASE "projectIntern_development" ENCODING = 'unicode'[0m
  ↳ /Users/naveen/.rvm/rubies/ruby-2.6.0/bin/rake:23
  [1m[35m (0.6ms)[0m  [1m[35mCREATE DATABASE "projectIntern_test" ENCODING = 'unicode'[0m
  ↳ /Users/naveen/.rvm/rubies/ruby-2.6.0/bin/rake:23
  [1m[35m (0.6ms)[0m  [1m[35mCREATE DATABASE "projectIntern_development" ENCODING = 'unicode'[0m
  ↳ /Users/naveen/.rvm/rubies/ruby-2.6.0/bin/rake:23
  [1m[35m (0.6ms)[0m  [1m[35mCREATE DATABASE "projectIntern_test" ENCODING = 'unicode'[0m
  ↳ /Users/naveen/.rvm/rubies/ruby-2.6.0/bin/rake:23
  [1m[35m (0.7ms)[0m  [1m[35mCREATE DATABASE "projectIntern_development" ENCODING = 'unicode'[0m
  ↳ /Users/naveen/.rvm/rubies/ruby-2.6.0/bin/rake:23
  [1m[35m (0.6ms)[0m  [1m[35mCREATE DATABASE "projectIntern_test" ENCODING = 'unicode'[0m
  ↳ /Users/naveen/.rvm/rubies/ruby-2.6.0/bin/rake:23
Started GET "/users" for 127.0.0.1 at 2019-01-17 17:46:30 +0530
  [1m[35m (1.2ms)[0m  [1m[34mSELECT "schema_migrations"."version" FROM "schema_migrations" ORDER BY "schema_migrations"."version" ASC[0m
  ↳ /Users/naveen/.rvm/gems/ruby-2.6.0/gems/web-console-3.7.0/lib/web_console/middleware.rb:135
  
ActionController::RoutingError (No route matches [GET] "/users"):
  
actionpack (5.2.2) lib/action_dispatch/middleware/debug_exceptions.rb:65:in `call'
web-console (3.7.0) lib/web_console/middleware.rb:135:in `call_app'
web-console (3.7.0) lib/web_console/middleware.rb:30:in `block in call'
web-console (3.7.0) lib/web_console/middleware.rb:20:in `catch'
web-console (3.7.0) lib/web_console/middleware.rb:20:in `call'
actionpack (5.2.2) lib/action_dispatch/middleware/show_exceptions.rb:33:in `call'
railties (5.2.2) lib/rails/rack/logger.rb:38:in `call_app'
railties (5.2.2) lib/rails/rack/logger.rb:26:in `block in call'
activesupport (5.2.2) lib/active_support/tagged_logging.rb:71:in `block in tagged'
activesupport (5.2.2) lib/active_support/tagged_logging.rb:28:in `tagged'
activesupport (5.2.2) lib/active_support/tagged_logging.rb:71:in `tagged'
railties (5.2.2) lib/rails/rack/logger.rb:26:in `call'
sprockets-rails (3.2.1) lib/sprockets/rails/quiet_assets.rb:13:in `call'
actionpack (5.2.2) lib/action_dispatch/middleware/remote_ip.rb:81:in `call'
actionpack (5.2.2) lib/action_dispatch/middleware/request_id.rb:27:in `call'
rack (2.0.6) lib/rack/method_override.rb:22:in `call'
rack (2.0.6) lib/rack/runtime.rb:22:in `call'
activesupport (5.2.2) lib/active_support/cache/strategy/local_cache_middleware.rb:29:in `call'
actionpack (5.2.2) lib/action_dispatch/middleware/executor.rb:14:in `call'
actionpack (5.2.2) lib/action_dispatch/middleware/static.rb:127:in `call'
rack (2.0.6) lib/rack/sendfile.rb:111:in `call'
railties (5.2.2) lib/rails/engine.rb:524:in `call'
puma (3.12.0) lib/puma/configuration.rb:225:in `call'
puma (3.12.0) lib/puma/server.rb:658:in `handle_request'
puma (3.12.0) lib/puma/server.rb:472:in `process_client'
puma (3.12.0) lib/puma/server.rb:332:in `block in run'
puma (3.12.0) lib/puma/thread_pool.rb:133:in `block in spawn_thread'
Started GET "/" for 127.0.0.1 at 2019-01-17 17:46:34 +0530
Processing by UsersController#new as HTML
  Rendering users/new.html.erb within layouts/application
  Rendered users/new.html.erb within layouts/application (22.7ms)
Completed 200 OK in 321ms (Views: 276.0ms | ActiveRecord: 12.5ms)


Started POST "/users" for 127.0.0.1 at 2019-01-17 17:46:46 +0530
Processing by UsersController#create as HTML
  Parameters: {"utf8"=>"✓", "authenticity_token"=>"lWLO7ZxVvkll/vOv8WbGKq5cptKeJvgg7ZKDhVKtAUoGpdAsL3XXsMqsYZSqL1TXfoVP57SNyJZw6TO/fiMkbw==", "user"=>{"username"=>"naveen", "email"=>"naveen.kewalramani2903@gmail.com", "password"=>"[FILTERED]", "password_confirmation"=>"[FILTERED]"}, "commit"=>"Signup"}
Unpermitted parameter: :password_confirmation
  [1m[35m (0.3ms)[0m  [1m[35mBEGIN[0m
  ↳ app/controllers/users_controller.rb:7
  [1m[36mUser Exists (1.6ms)[0m  [1m[34mSELECT  1 AS one FROM "users" WHERE "users"."username" = $1 LIMIT $2[0m  [["username", "naveen"], ["LIMIT", 1]]
  ↳ app/controllers/users_controller.rb:7
  [1m[36mUser Exists (0.6ms)[0m  [1m[34mSELECT  1 AS one FROM "users" WHERE "users"."email" = $1 LIMIT $2[0m  [["email", "naveen.kewalramani2903@gmail.com"], ["LIMIT", 1]]
  ↳ app/controllers/users_controller.rb:7
  [1m[35m (0.2ms)[0m  [1m[31mROLLBACK[0m
  ↳ app/controllers/users_controller.rb:7
  Rendering users/new.html.erb within layouts/application
  Rendered users/new.html.erb within layouts/application (2.8ms)
Completed 200 OK in 39ms (Views: 23.0ms | ActiveRecord: 2.7ms)


Started POST "/users" for 127.0.0.1 at 2019-01-17 17:47:01 +0530
Processing by UsersController#create as HTML
  Parameters: {"utf8"=>"✓", "authenticity_token"=>"Ku4+F8rxh1/lyCxlvE9uwAGeol7dI1blrf//ZhyBhS25KSDWedHupkqavl7nBvw90UdLa/eIZlMwhE9cMA+gCA==", "user"=>{"username"=>"naveen1", "email"=>"naveen.kew2alramani2903@gmail.com", "password"=>"[FILTERED]", "password_confirmation"=>"[FILTERED]"}, "commit"=>"Signup"}
Unpermitted parameter: :password_confirmation
  [1m[35m (0.2ms)[0m  [1m[35mBEGIN[0m
  ↳ app/controllers/users_controller.rb:7
  [1m[36mUser Exists (0.6ms)[0m  [1m[34mSELECT  1 AS one FROM "users" WHERE "users"."username" = $1 LIMIT $2[0m  [["username", "naveen1"], ["LIMIT", 1]]
  ↳ app/controllers/users_controller.rb:7
  [1m[36mUser Exists (5.0ms)[0m  [1m[34mSELECT  1 AS one FROM "users" WHERE "users"."email" = $1 LIMIT $2[0m  [["email", "naveen.kew2alramani2903@gmail.com"], ["LIMIT", 1]]
  ↳ app/controllers/users_controller.rb:7
  [1m[36mUser Create (1.2ms)[0m  [1m[32mINSERT INTO "users" ("username", "email", "created_at", "updated_at") VALUES ($1, $2, $3, $4) RETURNING "id"[0m  [["username", "naveen1"], ["email", "naveen.kew2alramani2903@gmail.com"], ["created_at", "2019-01-17 12:17:01.552845"], ["updated_at", "2019-01-17 12:17:01.552845"]]
  ↳ app/controllers/users_controller.rb:7
  [1m[35m (379.5ms)[0m  [1m[35mCOMMIT[0m
  ↳ app/controllers/users_controller.rb:7
  Rendering users/new.html.erb within layouts/application
  Rendered users/new.html.erb within layouts/application (189.7ms)
Completed 500 Internal Server Error in 586ms (ActiveRecord: 386.5ms)


  
ActionView::Template::Error (undefined method `user_path' for #<#<Class:0x00007f821d621c30>:0x00007f8221092ab8>
Did you mean?  users_path):
    2: <% @page_title = "UserAuth | Signup" %>
    3: <div class="Sign_Form">
    4:   <h1>Sign Up</h1>
    5:   <%= form_for @user do |f| %>
    6:     <p> Username:</br> <%= f.text_field :username%> </p>
    7:     <p> Email:</br> <%= f.text_field :email%> </p>
    8:     <p> Password:</br> <%= f.password_field :password%></p>
  
app/views/users/new.html.erb:5:in `_app_views_users_new_html_erb___2302642319608687300_70098438381280'
app/controllers/users_controller.rb:14:in `create'
Started POST "/users" for 127.0.0.1 at 2019-01-17 17:48:42 +0530
Processing by UsersController#create as HTML
  Parameters: {"utf8"=>"✓", "authenticity_token"=>"Ku4+F8rxh1/lyCxlvE9uwAGeol7dI1blrf//ZhyBhS25KSDWedHupkqavl7nBvw90UdLa/eIZlMwhE9cMA+gCA==", "user"=>{"username"=>"naveen1", "email"=>"naveen.kew2alramani2903@gmail.com", "password"=>"[FILTERED]", "password_confirmation"=>"[FILTERED]"}, "commit"=>"Signup"}
Unpermitted parameter: :password_confirmation
  [1m[35m (0.3ms)[0m  [1m[35mBEGIN[0m
  ↳ app/controllers/users_controller.rb:7
  [1m[36mUser Exists (0.4ms)[0m  [1m[34mSELECT  1 AS one FROM "users" WHERE "users"."username" = $1 LIMIT $2[0m  [["username", "naveen1"], ["LIMIT", 1]]
  ↳ app/controllers/users_controller.rb:7
  [1m[36mUser Exists (0.6ms)[0m  [1m[34mSELECT  1 AS one FROM "users" WHERE "users"."email" = $1 LIMIT $2[0m  [["email", "naveen.kew2alramani2903@gmail.com"], ["LIMIT", 1]]
  ↳ app/controllers/users_controller.rb:7
  [1m[35m (0.3ms)[0m  [1m[31mROLLBACK[0m
  ↳ app/controllers/users_controller.rb:7
No template found for UsersController#create, rendering head :no_content
Completed 204 No Content in 71ms (ActiveRecord: 5.6ms)


Started GET "/users" for 127.0.0.1 at 2019-01-17 17:48:44 +0530
  
ActionController::RoutingError (No route matches [GET] "/users"):
  
actionpack (5.2.2) lib/action_dispatch/middleware/debug_exceptions.rb:65:in `call'
web-console (3.7.0) lib/web_console/middleware.rb:135:in `call_app'
web-console (3.7.0) lib/web_console/middleware.rb:30:in `block in call'
web-console (3.7.0) lib/web_console/middleware.rb:20:in `catch'
web-console (3.7.0) lib/web_console/middleware.rb:20:in `call'
actionpack (5.2.2) lib/action_dispatch/middleware/show_exceptions.rb:33:in `call'
railties (5.2.2) lib/rails/rack/logger.rb:38:in `call_app'
railties (5.2.2) lib/rails/rack/logger.rb:26:in `block in call'
activesupport (5.2.2) lib/active_support/tagged_logging.rb:71:in `block in tagged'
activesupport (5.2.2) lib/active_support/tagged_logging.rb:28:in `tagged'
activesupport (5.2.2) lib/active_support/tagged_logging.rb:71:in `tagged'
railties (5.2.2) lib/rails/rack/logger.rb:26:in `call'
sprockets-rails (3.2.1) lib/sprockets/rails/quiet_assets.rb:13:in `call'
actionpack (5.2.2) lib/action_dispatch/middleware/remote_ip.rb:81:in `call'
actionpack (5.2.2) lib/action_dispatch/middleware/request_id.rb:27:in `call'
rack (2.0.6) lib/rack/method_override.rb:22:in `call'
rack (2.0.6) lib/rack/runtime.rb:22:in `call'
activesupport (5.2.2) lib/active_support/cache/strategy/local_cache_middleware.rb:29:in `call'
actionpack (5.2.2) lib/action_dispatch/middleware/executor.rb:14:in `call'
actionpack (5.2.2) lib/action_dispatch/middleware/static.rb:127:in `call'
rack (2.0.6) lib/rack/sendfile.rb:111:in `call'
railties (5.2.2) lib/rails/engine.rb:524:in `call'
puma (3.12.0) lib/puma/configuration.rb:225:in `call'
puma (3.12.0) lib/puma/server.rb:658:in `handle_request'
puma (3.12.0) lib/puma/server.rb:472:in `process_client'
puma (3.12.0) lib/puma/server.rb:332:in `block in run'
puma (3.12.0) lib/puma/thread_pool.rb:133:in `block in spawn_thread'
Started GET "/" for 127.0.0.1 at 2019-01-17 17:48:49 +0530
Processing by UsersController#new as HTML
  Rendering users/new.html.erb within layouts/application
  Rendered users/new.html.erb within layouts/application (3.4ms)
Completed 200 OK in 42ms (Views: 40.4ms | ActiveRecord: 0.0ms)


Started POST "/users" for 127.0.0.1 at 2019-01-17 17:49:10 +0530
Processing by UsersController#create as HTML
  Parameters: {"utf8"=>"✓", "authenticity_token"=>"VbzULm/LJrNo0UtVZlZOpQj6DtfJjpzek2rCzFjo3+jGe8rv3OtPSseD2W49H9xY2CPn4uMlrGgOEXL2dGb6zQ==", "user"=>{"username"=>"qdIGd", "email"=>"bdwibaw@gmail.com", "password"=>"[FILTERED]", "password_confirmation"=>"[FILTERED]"}, "commit"=>"Signup"}
Unpermitted parameter: :password_confirmation
  [1m[35m (1.0ms)[0m  [1m[35mBEGIN[0m
  ↳ app/controllers/users_controller.rb:7
  [1m[36mUser Exists (1.0ms)[0m  [1m[34mSELECT  1 AS one FROM "users" WHERE "users"."username" = $1 LIMIT $2[0m  [["username", "qdIGd"], ["LIMIT", 1]]
  ↳ app/controllers/users_controller.rb:7
  [1m[36mUser Exists (0.5ms)[0m  [1m[34mSELECT  1 AS one FROM "users" WHERE "users"."email" = $1 LIMIT $2[0m  [["email", "bdwibaw@gmail.com"], ["LIMIT", 1]]
  ↳ app/controllers/users_controller.rb:7
  [1m[36mUser Create (0.7ms)[0m  [1m[32mINSERT INTO "users" ("username", "email", "created_at", "updated_at") VALUES ($1, $2, $3, $4) RETURNING "id"[0m  [["username", "qdIGd"], ["email", "bdwibaw@gmail.com"], ["created_at", "2019-01-17 12:19:10.864114"], ["updated_at", "2019-01-17 12:19:10.864114"]]
  ↳ app/controllers/users_controller.rb:7
  [1m[35m (39.9ms)[0m  [1m[35mCOMMIT[0m
  ↳ app/controllers/users_controller.rb:7
No template found for UsersController#create, rendering head :no_content
Completed 204 No Content in 89ms (ActiveRecord: 43.0ms)


